connectaRedisWithTimeout success
check and del redis
delRedisItem:::adList.size = 0expireDataServ::run
expireDataServ start, bind successtcp://192.168.20.129:5002
waiting data....
connectaRedisWithTimeout success
adBidderRspServ start, bind successtcp://192.168.20.129:5001
subscribe Publish.UUID
check and del redis
delRedisItem:::adList.size = 0check and del redis
delRedisItem:::adList.size = 0sN: 0
Publish.UUID
1
+++++++++++++++++++++++++++++++++++++
addtest:: fed67803-f9f5-4f68-b52a-37357b63aa75  address::0x7fd00c002620
2
an: 0
dBidderRsp data size =768
uuid0: fed67803-f9f5-4f68-b52a-37357b63aa75
1:Sun May  4 02:13:45 2014

&&
redisCommand exec result type:3
en: 0
011
waiting data....
check and del redis
delRedisItem:::adList.size = 1check and del redis
delRedisItem:::adList.size = 1redisCommand exec result type:3
--------------------------------------------------
deletetest:: fed67803-f9f5-4f68-b52a-37357b63aa75  address::0x7fd00c002620
check and del redis
delRedisItem:::adList.size = 0check and del redis
delRedisItem:::adList.size = 0check and del redis
delRedisItem:::adList.size = 0check and del redis
delRedisItem:::adList.size = 0sN: 1
an: 1
dBidderRsp data size =768
uuid0: 851b02f6-dade-42d6-aa64-39fa6427fe23
Publish.UUID
1
+++++++++++++++++++++++++++++++++++++
addtest:: 851b02f6-dade-42d6-aa64-39fa6427fe23  address::0x7fd00c001980
2
en: 1
011
expireTest::   address::0x7fd00c001980
waiting data....
